2018-05-23 23:50:03.976  INFO 10616 --- [main] c.c.personal.PersonalApplication         : Starting PersonalApplication on DESKTOP-EBDR90L with PID 10616 (C:\Users\sagel\Desktop\Spring\personal\target\classes started by sagel in C:\Users\sagel\Desktop\Spring\personal)
2018-05-23 23:50:03.992  INFO 10616 --- [main] c.c.personal.PersonalApplication         : No active profile set, falling back to default profiles: default
2018-05-23 23:50:04.155  INFO 10616 --- [main] ConfigServletWebServerApplicationContext : Refreshing org.springframework.boot.web.servlet.context.AnnotationConfigServletWebServerApplicationContext@5ae50ce6: startup date [Wed May 23 23:50:04 CEST 2018]; root of context hierarchy
2018-05-23 23:50:08.020  INFO 10616 --- [main] o.s.b.f.s.DefaultListableBeanFactory     : Overriding bean definition for bean 'httpRequestHandlerAdapter' with a different definition: replacing [Root bean: class [null]; scope=; abstract=false; lazyInit=false; autowireMode=3; dependencyCheck=0; autowireCandidate=true; primary=false; factoryBeanName=org.springframework.boot.autoconfigure.web.servlet.WebMvcAutoConfiguration$EnableWebMvcConfiguration; factoryMethodName=httpRequestHandlerAdapter; initMethodName=null; destroyMethodName=(inferred); defined in class path resource [org/springframework/boot/autoconfigure/web/servlet/WebMvcAutoConfiguration$EnableWebMvcConfiguration.class]] with [Root bean: class [null]; scope=; abstract=false; lazyInit=false; autowireMode=3; dependencyCheck=0; autowireCandidate=true; primary=false; factoryBeanName=org.springframework.data.rest.webmvc.config.RepositoryRestMvcConfiguration; factoryMethodName=httpRequestHandlerAdapter; initMethodName=null; destroyMethodName=(inferred); defined in class path resource [org/springframework/data/rest/webmvc/config/RepositoryRestMvcConfiguration.class]]
2018-05-23 23:50:08.985  INFO 10616 --- [main] f.a.AutowiredAnnotationBeanPostProcessor : JSR-330 'javax.inject.Inject' annotation found and supported for autowiring
2018-05-23 23:50:09.704  INFO 10616 --- [main] trationDelegate$BeanPostProcessorChecker : Bean 'org.springframework.transaction.annotation.ProxyTransactionManagementConfiguration' of type [org.springframework.transaction.annotation.ProxyTransactionManagementConfiguration$$EnhancerBySpringCGLIB$$a2e3d825] is not eligible for getting processed by all BeanPostProcessors (for example: not eligible for auto-proxying)
2018-05-23 23:50:09.983  INFO 10616 --- [main] trationDelegate$BeanPostProcessorChecker : Bean 'org.springframework.security.config.annotation.configuration.ObjectPostProcessorConfiguration' of type [org.springframework.security.config.annotation.configuration.ObjectPostProcessorConfiguration$$EnhancerBySpringCGLIB$$3b91a05f] is not eligible for getting processed by all BeanPostProcessors (for example: not eligible for auto-proxying)
2018-05-23 23:50:10.022  INFO 10616 --- [main] trationDelegate$BeanPostProcessorChecker : Bean 'objectPostProcessor' of type [org.springframework.security.config.annotation.configuration.AutowireBeanFactoryObjectPostProcessor] is not eligible for getting processed by all BeanPostProcessors (for example: not eligible for auto-proxying)
2018-05-23 23:50:10.043  INFO 10616 --- [main] trationDelegate$BeanPostProcessorChecker : Bean 'org.springframework.security.access.expression.method.DefaultMethodSecurityExpressionHandler@7a904f32' of type [org.springframework.security.access.expression.method.DefaultMethodSecurityExpressionHandler] is not eligible for getting processed by all BeanPostProcessors (for example: not eligible for auto-proxying)
2018-05-23 23:50:10.073  INFO 10616 --- [main] trationDelegate$BeanPostProcessorChecker : Bean 'org.springframework.security.config.annotation.method.configuration.GlobalMethodSecurityConfiguration' of type [org.springframework.security.config.annotation.method.configuration.GlobalMethodSecurityConfiguration$$EnhancerBySpringCGLIB$$60664311] is not eligible for getting processed by all BeanPostProcessors (for example: not eligible for auto-proxying)
2018-05-23 23:50:10.101  INFO 10616 --- [main] trationDelegate$BeanPostProcessorChecker : Bean 'methodSecurityMetadataSource' of type [org.springframework.security.access.method.DelegatingMethodSecurityMetadataSource] is not eligible for getting processed by all BeanPostProcessors (for example: not eligible for auto-proxying)
2018-05-23 23:50:11.270  INFO 10616 --- [main] o.s.b.w.embedded.tomcat.TomcatWebServer  : Tomcat initialized with port(s): 80 (http)
2018-05-23 23:50:11.332  INFO 10616 --- [main] o.apache.catalina.core.StandardService   : Starting service [Tomcat]
2018-05-23 23:50:11.337  INFO 10616 --- [main] org.apache.catalina.core.StandardEngine  : Starting Servlet Engine: Apache Tomcat/8.5.28
2018-05-23 23:50:11.347  INFO 10616 --- [localhost-startStop-1] o.a.catalina.core.AprLifecycleListener   : The APR based Apache Tomcat Native library which allows optimal performance in production environments was not found on the java.library.path: [C:\Program Files\Java\jdk1.8.0_161\bin;C:\WINDOWS\Sun\Java\bin;C:\WINDOWS\system32;C:\WINDOWS;C:\Program Files\Docker\Docker\Resources\bin;C:\ProgramData\Oracle\Java\javapath;C:\WINDOWS\system32;C:\WINDOWS;C:\WINDOWS\System32\Wbem;C:\WINDOWS\System32\WindowsPowerShell\v1.0\;C:\Program Files\Git\cmd;C:\Program Files\nodejs\;C:\Program Files\apache-maven-3.5.3-bin\apache-maven-3.5.3\bin;C:\ProgramData\chocolatey\bin;;C:\WINDOWS\System32\OpenSSH\;C:\Users\sagel\AppData\Local\Microsoft\WindowsApps;;C:\Program Files\Microsoft VS Code\bin;C:\Users\sagel\AppData\Roaming\npm;.]
2018-05-23 23:50:11.622  INFO 10616 --- [localhost-startStop-1] o.a.c.c.C.[Tomcat].[localhost].[/]       : Initializing Spring embedded WebApplicationContext
2018-05-23 23:50:11.623  INFO 10616 --- [localhost-startStop-1] o.s.web.context.ContextLoader            : Root WebApplicationContext: initialization completed in 7469 ms
2018-05-23 23:50:12.250  INFO 10616 --- [localhost-startStop-1] o.s.b.w.servlet.FilterRegistrationBean   : Mapping filter: 'characterEncodingFilter' to: [/*]
2018-05-23 23:50:12.251  INFO 10616 --- [localhost-startStop-1] o.s.b.w.servlet.FilterRegistrationBean   : Mapping filter: 'hiddenHttpMethodFilter' to: [/*]
2018-05-23 23:50:12.252  INFO 10616 --- [localhost-startStop-1] o.s.b.w.servlet.FilterRegistrationBean   : Mapping filter: 'httpPutFormContentFilter' to: [/*]
2018-05-23 23:50:12.253  INFO 10616 --- [localhost-startStop-1] o.s.b.w.servlet.FilterRegistrationBean   : Mapping filter: 'requestContextFilter' to: [/*]
2018-05-23 23:50:12.260  INFO 10616 --- [localhost-startStop-1] .s.DelegatingFilterProxyRegistrationBean : Mapping filter: 'springSecurityFilterChain' to: [/*]
2018-05-23 23:50:12.261  INFO 10616 --- [localhost-startStop-1] o.s.b.w.servlet.ServletRegistrationBean  : Servlet dispatcherServlet mapped to [/]
2018-05-23 23:50:12.264  INFO 10616 --- [localhost-startStop-1] o.s.b.w.servlet.ServletRegistrationBean  : Servlet webServlet mapped to [/h2-console/*]
2018-05-23 23:50:12.752  INFO 10616 --- [main] com.zaxxer.hikari.HikariDataSource       : HikariPool-1 - Starting...
2018-05-23 23:50:12.952  INFO 10616 --- [main] com.zaxxer.hikari.HikariDataSource       : HikariPool-1 - Start completed.
2018-05-23 23:50:13.390  INFO 10616 --- [main] j.LocalContainerEntityManagerFactoryBean : Building JPA container EntityManagerFactory for persistence unit 'default'
2018-05-23 23:50:13.419  INFO 10616 --- [main] o.hibernate.jpa.internal.util.LogHelper  : HHH000204: Processing PersistenceUnitInfo [
	name: default
	...]
2018-05-23 23:50:13.770  INFO 10616 --- [main] org.hibernate.Version                    : HHH000412: Hibernate Core {5.2.14.Final}
2018-05-23 23:50:13.777  INFO 10616 --- [main] org.hibernate.cfg.Environment            : HHH000206: hibernate.properties not found
2018-05-23 23:50:13.886  INFO 10616 --- [main] o.hibernate.annotations.common.Version   : HCANN000001: Hibernate Commons Annotations {5.0.1.Final}
2018-05-23 23:50:14.272  INFO 10616 --- [main] org.hibernate.dialect.Dialect            : HHH000400: Using dialect: org.hibernate.dialect.H2Dialect
2018-05-23 23:50:15.840  INFO 10616 --- [main] j.LocalContainerEntityManagerFactoryBean : Initialized JPA EntityManagerFactory for persistence unit 'default'
2018-05-23 23:50:16.126  INFO 10616 --- [main] o.s.jdbc.datasource.init.ScriptUtils     : Executing SQL script from URL [file:/C:/Users/sagel/Desktop/Spring/personal/target/classes/data.sql]
2018-05-23 23:50:16.144  INFO 10616 --- [main] o.s.jdbc.datasource.init.ScriptUtils     : Executed SQL script from URL [file:/C:/Users/sagel/Desktop/Spring/personal/target/classes/data.sql] in 18 ms.
2018-05-23 23:50:19.312  WARN 10616 --- [main] aWebConfiguration$JpaWebMvcConfiguration : spring.jpa.open-in-view is enabled by default. Therefore, database queries may be performed during view rendering. Explicitly configure spring.jpa.open-in-view to disable this warning
2018-05-23 23:50:20.264  INFO 10616 --- [main] s.w.s.m.m.a.RequestMappingHandlerMapping : Mapped "{[/contact],methods=[PUT]}" onto public com.cveditorapi.personal.Model.Detail com.cveditorapi.personal.Controllers.AbstractDetailController.update(javax.servlet.http.HttpServletRequest,com.cveditorapi.personal.Model.Detail)
2018-05-23 23:50:20.274  INFO 10616 --- [main] s.w.s.m.m.a.RequestMappingHandlerMapping : Mapped "{[/contact/{id}],methods=[DELETE]}" onto public org.springframework.http.ResponseEntity<java.lang.Void> com.cveditorapi.personal.Controllers.AbstractDetailController.delete(javax.servlet.http.HttpServletRequest,int)
2018-05-23 23:50:20.285  INFO 10616 --- [main] s.w.s.m.m.a.RequestMappingHandlerMapping : Mapped "{[/contact],methods=[GET]}" onto public java.util.List<com.cveditorapi.personal.Model.Detail> com.cveditorapi.personal.Controllers.AbstractDetailController.getAll(javax.servlet.http.HttpServletRequest)
2018-05-23 23:50:20.292  INFO 10616 --- [main] s.w.s.m.m.a.RequestMappingHandlerMapping : Mapped "{[/contact],methods=[POST]}" onto public com.cveditorapi.personal.Model.Detail com.cveditorapi.personal.Controllers.AbstractDetailController.addNew(javax.servlet.http.HttpServletRequest,com.cveditorapi.personal.Model.Detail)
2018-05-23 23:50:20.298  INFO 10616 --- [main] s.w.s.m.m.a.RequestMappingHandlerMapping : Mapped "{[/personal],methods=[PUT]}" onto public com.cveditorapi.personal.Model.Detail com.cveditorapi.personal.Controllers.AbstractDetailController.update(javax.servlet.http.HttpServletRequest,com.cveditorapi.personal.Model.Detail)
2018-05-23 23:50:20.308  INFO 10616 --- [main] s.w.s.m.m.a.RequestMappingHandlerMapping : Mapped "{[/personal/{id}],methods=[DELETE]}" onto public org.springframework.http.ResponseEntity<java.lang.Void> com.cveditorapi.personal.Controllers.AbstractDetailController.delete(javax.servlet.http.HttpServletRequest,int)
2018-05-23 23:50:20.309  INFO 10616 --- [main] s.w.s.m.m.a.RequestMappingHandlerMapping : Mapped "{[/personal],methods=[GET]}" onto public java.util.List<com.cveditorapi.personal.Model.Detail> com.cveditorapi.personal.Controllers.AbstractDetailController.getAll(javax.servlet.http.HttpServletRequest)
2018-05-23 23:50:20.311  INFO 10616 --- [main] s.w.s.m.m.a.RequestMappingHandlerMapping : Mapped "{[/personal],methods=[POST]}" onto public com.cveditorapi.personal.Model.Detail com.cveditorapi.personal.Controllers.AbstractDetailController.addNew(javax.servlet.http.HttpServletRequest,com.cveditorapi.personal.Model.Detail)
2018-05-23 23:50:20.313  INFO 10616 --- [main] s.w.s.m.m.a.RequestMappingHandlerMapping : Mapped "{[/register],methods=[POST]}" onto public java.lang.String com.cveditorapi.personal.Controllers.SignUpController.registerUser(com.cveditorapi.personal.Model.UserModel.User)
2018-05-23 23:50:20.317  INFO 10616 --- [main] s.w.s.m.m.a.RequestMappingHandlerMapping : Mapped "{[/auth],methods=[POST]}" onto public org.springframework.http.ResponseEntity<?> com.cveditorapi.personal.TokenAuthorization.Controller.AuthenticationRestController.createAuthenticationToken(com.cveditorapi.personal.TokenAuthorization.JwtAuthenticationRequest) throws com.cveditorapi.personal.TokenAuthorization.Controller.AuthenticationException
2018-05-23 23:50:20.318  INFO 10616 --- [main] s.w.s.m.m.a.RequestMappingHandlerMapping : Mapped "{[/refresh],methods=[GET]}" onto public org.springframework.http.ResponseEntity<?> com.cveditorapi.personal.TokenAuthorization.Controller.AuthenticationRestController.refreshAndGetAuthenticationToken(javax.servlet.http.HttpServletRequest)
2018-05-23 23:50:20.319  INFO 10616 --- [main] s.w.s.m.m.a.RequestMappingHandlerMapping : Mapped "{[/GetUserClaims],methods=[GET]}" onto public org.springframework.http.ResponseEntity<?> com.cveditorapi.personal.TokenAuthorization.Controller.AuthenticationRestController.getUserClaims()
2018-05-23 23:50:20.322  INFO 10616 --- [main] s.w.s.m.m.a.RequestMappingHandlerMapping : Mapped "{[/protected],methods=[GET]}" onto public org.springframework.http.ResponseEntity<?> com.cveditorapi.personal.TokenAuthorization.Controller.MethodProtectedRestController.getProtectedGreeting()
2018-05-23 23:50:20.327  INFO 10616 --- [main] s.w.s.m.m.a.RequestMappingHandlerMapping : Mapped "{[/user],methods=[GET]}" onto public com.cveditorapi.personal.TokenAuthorization.JwtUser com.cveditorapi.personal.TokenAuthorization.Controller.UserRestController.getAuthenticatedUser(javax.servlet.http.HttpServletRequest)
2018-05-23 23:50:20.332  INFO 10616 --- [main] s.w.s.m.m.a.RequestMappingHandlerMapping : Mapped "{[/v2/api-docs],methods=[GET],produces=[application/json || application/hal+json]}" onto public org.springframework.http.ResponseEntity<springfox.documentation.spring.web.json.Json> springfox.documentation.swagger2.web.Swagger2Controller.getDocumentation(java.lang.String,javax.servlet.http.HttpServletRequest)
2018-05-23 23:50:20.340  INFO 10616 --- [main] s.w.s.m.m.a.RequestMappingHandlerMapping : Mapped "{[/swagger-resources/configuration/security]}" onto org.springframework.http.ResponseEntity<springfox.documentation.swagger.web.SecurityConfiguration> springfox.documentation.swagger.web.ApiResourceController.securityConfiguration()
2018-05-23 23:50:20.342  INFO 10616 --- [main] s.w.s.m.m.a.RequestMappingHandlerMapping : Mapped "{[/swagger-resources/configuration/ui]}" onto org.springframework.http.ResponseEntity<springfox.documentation.swagger.web.UiConfiguration> springfox.documentation.swagger.web.ApiResourceController.uiConfiguration()
2018-05-23 23:50:20.344  INFO 10616 --- [main] s.w.s.m.m.a.RequestMappingHandlerMapping : Mapped "{[/swagger-resources]}" onto org.springframework.http.ResponseEntity<java.util.List<springfox.documentation.swagger.web.SwaggerResource>> springfox.documentation.swagger.web.ApiResourceController.swaggerResources()
2018-05-23 23:50:20.356  INFO 10616 --- [main] s.w.s.m.m.a.RequestMappingHandlerMapping : Mapped "{[/error]}" onto public org.springframework.http.ResponseEntity<java.util.Map<java.lang.String, java.lang.Object>> org.springframework.boot.autoconfigure.web.servlet.error.BasicErrorController.error(javax.servlet.http.HttpServletRequest)
2018-05-23 23:50:20.358  INFO 10616 --- [main] s.w.s.m.m.a.RequestMappingHandlerMapping : Mapped "{[/error],produces=[text/html]}" onto public org.springframework.web.servlet.ModelAndView org.springframework.boot.autoconfigure.web.servlet.error.BasicErrorController.errorHtml(javax.servlet.http.HttpServletRequest,javax.servlet.http.HttpServletResponse)
2018-05-23 23:50:21.402  INFO 10616 --- [main] o.s.s.web.DefaultSecurityFilterChain     : Creating filter chain: Ant [pattern='/auth', POST], []
2018-05-23 23:50:21.406  INFO 10616 --- [main] o.s.s.web.DefaultSecurityFilterChain     : Creating filter chain: Ant [pattern='/', GET], []
2018-05-23 23:50:21.406  INFO 10616 --- [main] o.s.s.web.DefaultSecurityFilterChain     : Creating filter chain: Ant [pattern='/*.html', GET], []
2018-05-23 23:50:21.406  INFO 10616 --- [main] o.s.s.web.DefaultSecurityFilterChain     : Creating filter chain: Ant [pattern='/favicon.ico', GET], []
2018-05-23 23:50:21.406  INFO 10616 --- [main] o.s.s.web.DefaultSecurityFilterChain     : Creating filter chain: Ant [pattern='/**/*.html', GET], []
2018-05-23 23:50:21.409  INFO 10616 --- [main] o.s.s.web.DefaultSecurityFilterChain     : Creating filter chain: Ant [pattern='/**/*.css', GET], []
2018-05-23 23:50:21.409  INFO 10616 --- [main] o.s.s.web.DefaultSecurityFilterChain     : Creating filter chain: Ant [pattern='/**/*.js', GET], []
2018-05-23 23:50:21.409  INFO 10616 --- [main] o.s.s.web.DefaultSecurityFilterChain     : Creating filter chain: Ant [pattern='/h2-console/**/**'], []
2018-05-23 23:50:21.750  INFO 10616 --- [main] o.s.s.web.DefaultSecurityFilterChain     : Creating filter chain: org.springframework.security.web.util.matcher.AnyRequestMatcher@1, [org.springframework.security.web.context.request.async.WebAsyncManagerIntegrationFilter@1ad1b737, org.springframework.security.web.context.SecurityContextPersistenceFilter@79ba0285, org.springframework.security.web.header.HeaderWriterFilter@581918f6, org.springframework.security.web.authentication.logout.LogoutFilter@64420e34, com.cveditorapi.personal.TokenAuthorization.JwtAuthorizationTokenFilter@342a1f84, org.springframework.security.web.savedrequest.RequestCacheAwareFilter@61993d18, org.springframework.security.web.servletapi.SecurityContextHolderAwareRequestFilter@57f2e67, org.springframework.security.web.authentication.AnonymousAuthenticationFilter@77d0dbba, org.springframework.security.web.session.SessionManagementFilter@26865b57, org.springframework.security.web.access.ExceptionTranslationFilter@7da77305, org.springframework.security.web.access.intercept.FilterSecurityInterceptor@24615687]
2018-05-23 23:50:22.582  INFO 10616 --- [main] s.w.s.m.m.a.RequestMappingHandlerAdapter : Looking for @ControllerAdvice: org.springframework.boot.web.servlet.context.AnnotationConfigServletWebServerApplicationContext@5ae50ce6: startup date [Wed May 23 23:50:04 CEST 2018]; root of context hierarchy
2018-05-23 23:50:22.894  INFO 10616 --- [main] o.s.w.s.handler.SimpleUrlHandlerMapping  : Mapped URL path [/webjars/**] onto handler of type [class org.springframework.web.servlet.resource.ResourceHttpRequestHandler]
2018-05-23 23:50:22.897  INFO 10616 --- [main] o.s.w.s.handler.SimpleUrlHandlerMapping  : Mapped URL path [/**] onto handler of type [class org.springframework.web.servlet.resource.ResourceHttpRequestHandler]
2018-05-23 23:50:22.972  INFO 10616 --- [main] .m.m.a.ExceptionHandlerExceptionResolver : Detected @ExceptionHandler methods in repositoryRestExceptionHandler
2018-05-23 23:50:23.300  INFO 10616 --- [main] o.s.w.s.handler.SimpleUrlHandlerMapping  : Mapped URL path [/**/favicon.ico] onto handler of type [class org.springframework.web.servlet.resource.ResourceHttpRequestHandler]
2018-05-23 23:50:23.816  INFO 10616 --- [main] o.s.d.r.w.RepositoryRestHandlerAdapter   : Looking for @ControllerAdvice: org.springframework.boot.web.servlet.context.AnnotationConfigServletWebServerApplicationContext@5ae50ce6: startup date [Wed May 23 23:50:04 CEST 2018]; root of context hierarchy
2018-05-23 23:50:23.925  INFO 10616 --- [main] o.s.d.r.w.RepositoryRestHandlerMapping   : Mapped "{[/{repository}/{id}],methods=[GET],produces=[application/hal+json || application/json]}" onto public org.springframework.http.ResponseEntity<org.springframework.hateoas.Resource<?>> org.springframework.data.rest.webmvc.RepositoryEntityController.getItemResource(org.springframework.data.rest.webmvc.RootResourceInformation,java.io.Serializable,org.springframework.data.rest.webmvc.PersistentEntityResourceAssembler,org.springframework.http.HttpHeaders) throws org.springframework.web.HttpRequestMethodNotSupportedException
2018-05-23 23:50:23.929  INFO 10616 --- [main] o.s.d.r.w.RepositoryRestHandlerMapping   : Mapped "{[/{repository}/{id}],methods=[PUT],produces=[application/hal+json || application/json]}" onto public org.springframework.http.ResponseEntity<? extends org.springframework.hateoas.ResourceSupport> org.springframework.data.rest.webmvc.RepositoryEntityController.putItemResource(org.springframework.data.rest.webmvc.RootResourceInformation,org.springframework.data.rest.webmvc.PersistentEntityResource,java.io.Serializable,org.springframework.data.rest.webmvc.PersistentEntityResourceAssembler,org.springframework.data.rest.webmvc.support.ETag,java.lang.String) throws org.springframework.web.HttpRequestMethodNotSupportedException
2018-05-23 23:50:23.933  INFO 10616 --- [main] o.s.d.r.w.RepositoryRestHandlerMapping   : Mapped "{[/{repository}/{id}],methods=[OPTIONS],produces=[application/hal+json || application/json]}" onto public org.springframework.http.ResponseEntity<?> org.springframework.data.rest.webmvc.RepositoryEntityController.optionsForItemResource(org.springframework.data.rest.webmvc.RootResourceInformation)
2018-05-23 23:50:23.935  INFO 10616 --- [main] o.s.d.r.w.RepositoryRestHandlerMapping   : Mapped "{[/{repository}/{id}],methods=[PATCH],produces=[application/hal+json || application/json]}" onto public org.springframework.http.ResponseEntity<org.springframework.hateoas.ResourceSupport> org.springframework.data.rest.webmvc.RepositoryEntityController.patchItemResource(org.springframework.data.rest.webmvc.RootResourceInformation,org.springframework.data.rest.webmvc.PersistentEntityResource,java.io.Serializable,org.springframework.data.rest.webmvc.PersistentEntityResourceAssembler,org.springframework.data.rest.webmvc.support.ETag,java.lang.String) throws org.springframework.web.HttpRequestMethodNotSupportedException,org.springframework.data.rest.webmvc.ResourceNotFoundException
2018-05-23 23:50:23.939  INFO 10616 --- [main] o.s.d.r.w.RepositoryRestHandlerMapping   : Mapped "{[/{repository}],methods=[GET],produces=[application/hal+json || application/json]}" onto public org.springframework.hateoas.Resources<?> org.springframework.data.rest.webmvc.RepositoryEntityController.getCollectionResource(org.springframework.data.rest.webmvc.RootResourceInformation,org.springframework.data.rest.webmvc.support.DefaultedPageable,org.springframework.data.domain.Sort,org.springframework.data.rest.webmvc.PersistentEntityResourceAssembler) throws org.springframework.data.rest.webmvc.ResourceNotFoundException,org.springframework.web.HttpRequestMethodNotSupportedException
2018-05-23 23:50:23.940  INFO 10616 --- [main] o.s.d.r.w.RepositoryRestHandlerMapping   : Mapped "{[/{repository}/{id}],methods=[DELETE],produces=[application/hal+json || application/json]}" onto public org.springframework.http.ResponseEntity<?> org.springframework.data.rest.webmvc.RepositoryEntityController.deleteItemResource(org.springframework.data.rest.webmvc.RootResourceInformation,java.io.Serializable,org.springframework.data.rest.webmvc.support.ETag) throws org.springframework.data.rest.webmvc.ResourceNotFoundException,org.springframework.web.HttpRequestMethodNotSupportedException
2018-05-23 23:50:23.945  INFO 10616 --- [main] o.s.d.r.w.RepositoryRestHandlerMapping   : Mapped "{[/{repository}],methods=[HEAD],produces=[application/hal+json || application/json]}" onto public org.springframework.http.ResponseEntity<?> org.springframework.data.rest.webmvc.RepositoryEntityController.headCollectionResource(org.springframework.data.rest.webmvc.RootResourceInformation,org.springframework.data.rest.webmvc.support.DefaultedPageable) throws org.springframework.web.HttpRequestMethodNotSupportedException
2018-05-23 23:50:23.946  INFO 10616 --- [main] o.s.d.r.w.RepositoryRestHandlerMapping   : Mapped "{[/{repository}],methods=[OPTIONS],produces=[application/hal+json || application/json]}" onto public org.springframework.http.ResponseEntity<?> org.springframework.data.rest.webmvc.RepositoryEntityController.optionsForCollectionResource(org.springframework.data.rest.webmvc.RootResourceInformation)
2018-05-23 23:50:23.947  INFO 10616 --- [main] o.s.d.r.w.RepositoryRestHandlerMapping   : Mapped "{[/{repository}],methods=[POST],produces=[application/hal+json || application/json]}" onto public org.springframework.http.ResponseEntity<org.springframework.hateoas.ResourceSupport> org.springframework.data.rest.webmvc.RepositoryEntityController.postCollectionResource(org.springframework.data.rest.webmvc.RootResourceInformation,org.springframework.data.rest.webmvc.PersistentEntityResource,org.springframework.data.rest.webmvc.PersistentEntityResourceAssembler,java.lang.String) throws org.springframework.web.HttpRequestMethodNotSupportedException
2018-05-23 23:50:23.949  INFO 10616 --- [main] o.s.d.r.w.RepositoryRestHandlerMapping   : Mapped "{[/{repository}/{id}],methods=[HEAD],produces=[application/hal+json || application/json]}" onto public org.springframework.http.ResponseEntity<?> org.springframework.data.rest.webmvc.RepositoryEntityController.headForItemResource(org.springframework.data.rest.webmvc.RootResourceInformation,java.io.Serializable,org.springframework.data.rest.webmvc.PersistentEntityResourceAssembler) throws org.springframework.web.HttpRequestMethodNotSupportedException
2018-05-23 23:50:23.953  INFO 10616 --- [main] o.s.d.r.w.RepositoryRestHandlerMapping   : Mapped "{[/{repository}],methods=[GET],produces=[application/x-spring-data-compact+json || text/uri-list]}" onto public org.springframework.hateoas.Resources<?> org.springframework.data.rest.webmvc.RepositoryEntityController.getCollectionResourceCompact(org.springframework.data.rest.webmvc.RootResourceInformation,org.springframework.data.rest.webmvc.support.DefaultedPageable,org.springframework.data.domain.Sort,org.springframework.data.rest.webmvc.PersistentEntityResourceAssembler) throws org.springframework.data.rest.webmvc.ResourceNotFoundException,org.springframework.web.HttpRequestMethodNotSupportedException
2018-05-23 23:50:23.957  INFO 10616 --- [main] o.s.d.r.w.RepositoryRestHandlerMapping   : Mapped "{[/ || ],methods=[GET],produces=[application/hal+json || application/json]}" onto public org.springframework.http.HttpEntity<org.springframework.data.rest.webmvc.RepositoryLinksResource> org.springframework.data.rest.webmvc.RepositoryController.listRepositories()
2018-05-23 23:50:23.958  INFO 10616 --- [main] o.s.d.r.w.RepositoryRestHandlerMapping   : Mapped "{[/ || ],methods=[OPTIONS],produces=[application/hal+json || application/json]}" onto public org.springframework.http.HttpEntity<?> org.springframework.data.rest.webmvc.RepositoryController.optionsForRepositories()
2018-05-23 23:50:23.960  INFO 10616 --- [main] o.s.d.r.w.RepositoryRestHandlerMapping   : Mapped "{[/ || ],methods=[HEAD],produces=[application/hal+json || application/json]}" onto public org.springframework.http.ResponseEntity<?> org.springframework.data.rest.webmvc.RepositoryController.headForRepositories()
2018-05-23 23:50:23.966  INFO 10616 --- [main] o.s.d.r.w.RepositoryRestHandlerMapping   : Mapped "{[/{repository}/{id}/{property}],methods=[GET],produces=[application/hal+json || application/json]}" onto public org.springframework.http.ResponseEntity<org.springframework.hateoas.ResourceSupport> org.springframework.data.rest.webmvc.RepositoryPropertyReferenceController.followPropertyReference(org.springframework.data.rest.webmvc.RootResourceInformation,java.io.Serializable,java.lang.String,org.springframework.data.rest.webmvc.PersistentEntityResourceAssembler) throws java.lang.Exception
2018-05-23 23:50:23.967  INFO 10616 --- [main] o.s.d.r.w.RepositoryRestHandlerMapping   : Mapped "{[/{repository}/{id}/{property}/{propertyId}],methods=[GET],produces=[application/hal+json || application/json]}" onto public org.springframework.http.ResponseEntity<org.springframework.hateoas.ResourceSupport> org.springframework.data.rest.webmvc.RepositoryPropertyReferenceController.followPropertyReference(org.springframework.data.rest.webmvc.RootResourceInformation,java.io.Serializable,java.lang.String,java.lang.String,org.springframework.data.rest.webmvc.PersistentEntityResourceAssembler) throws java.lang.Exception
2018-05-23 23:50:23.968  INFO 10616 --- [main] o.s.d.r.w.RepositoryRestHandlerMapping   : Mapped "{[/{repository}/{id}/{property}],methods=[GET],produces=[application/x-spring-data-compact+json || text/uri-list]}" onto public org.springframework.http.ResponseEntity<org.springframework.hateoas.ResourceSupport> org.springframework.data.rest.webmvc.RepositoryPropertyReferenceController.followPropertyReferenceCompact(org.springframework.data.rest.webmvc.RootResourceInformation,java.io.Serializable,java.lang.String,org.springframework.data.rest.webmvc.PersistentEntityResourceAssembler) throws java.lang.Exception
2018-05-23 23:50:23.969  INFO 10616 --- [main] o.s.d.r.w.RepositoryRestHandlerMapping   : Mapped "{[/{repository}/{id}/{property}/{propertyId}],methods=[DELETE],produces=[application/hal+json || application/json]}" onto public org.springframework.http.ResponseEntity<org.springframework.hateoas.ResourceSupport> org.springframework.data.rest.webmvc.RepositoryPropertyReferenceController.deletePropertyReferenceId(org.springframework.data.rest.webmvc.RootResourceInformation,java.io.Serializable,java.lang.String,java.lang.String) throws java.lang.Exception
2018-05-23 23:50:23.970  INFO 10616 --- [main] o.s.d.r.w.RepositoryRestHandlerMapping   : Mapped "{[/{repository}/{id}/{property}],methods=[DELETE],produces=[application/hal+json || application/json]}" onto public org.springframework.http.ResponseEntity<? extends org.springframework.hateoas.ResourceSupport> org.springframework.data.rest.webmvc.RepositoryPropertyReferenceController.deletePropertyReference(org.springframework.data.rest.webmvc.RootResourceInformation,java.io.Serializable,java.lang.String) throws java.lang.Exception
2018-05-23 23:50:23.971  INFO 10616 --- [main] o.s.d.r.w.RepositoryRestHandlerMapping   : Mapped "{[/{repository}/{id}/{property}],methods=[PATCH || PUT || POST],consumes=[application/json || application/x-spring-data-compact+json || text/uri-list],produces=[application/hal+json || application/json]}" onto public org.springframework.http.ResponseEntity<? extends org.springframework.hateoas.ResourceSupport> org.springframework.data.rest.webmvc.RepositoryPropertyReferenceController.createPropertyReference(org.springframework.data.rest.webmvc.RootResourceInformation,org.springframework.http.HttpMethod,org.springframework.hateoas.Resources<java.lang.Object>,java.io.Serializable,java.lang.String) throws java.lang.Exception
2018-05-23 23:50:23.973  INFO 10616 --- [main] o.s.d.r.w.RepositoryRestHandlerMapping   : Mapped "{[/{repository}/search/{search}],methods=[GET],produces=[application/hal+json || application/json]}" onto public org.springframework.http.ResponseEntity<?> org.springframework.data.rest.webmvc.RepositorySearchController.executeSearch(org.springframework.data.rest.webmvc.RootResourceInformation,org.springframework.util.MultiValueMap<java.lang.String, java.lang.Object>,java.lang.String,org.springframework.data.rest.webmvc.support.DefaultedPageable,org.springframework.data.domain.Sort,org.springframework.data.rest.webmvc.PersistentEntityResourceAssembler,org.springframework.http.HttpHeaders)
2018-05-23 23:50:23.974  INFO 10616 --- [main] o.s.d.r.w.RepositoryRestHandlerMapping   : Mapped "{[/{repository}/search],methods=[HEAD],produces=[application/hal+json || application/json]}" onto public org.springframework.http.HttpEntity<?> org.springframework.data.rest.webmvc.RepositorySearchController.headForSearches(org.springframework.data.rest.webmvc.RootResourceInformation)
2018-05-23 23:50:23.975  INFO 10616 --- [main] o.s.d.r.w.RepositoryRestHandlerMapping   : Mapped "{[/{repository}/search/{search}],methods=[HEAD],produces=[application/hal+json || application/json]}" onto public org.springframework.http.ResponseEntity<java.lang.Object> org.springframework.data.rest.webmvc.RepositorySearchController.headForSearch(org.springframework.data.rest.webmvc.RootResourceInformation,java.lang.String)
2018-05-23 23:50:23.977  INFO 10616 --- [main] o.s.d.r.w.RepositoryRestHandlerMapping   : Mapped "{[/{repository}/search],methods=[GET],produces=[application/hal+json || application/json]}" onto public org.springframework.data.rest.webmvc.RepositorySearchesResource org.springframework.data.rest.webmvc.RepositorySearchController.listSearches(org.springframework.data.rest.webmvc.RootResourceInformation)
2018-05-23 23:50:23.978  INFO 10616 --- [main] o.s.d.r.w.RepositoryRestHandlerMapping   : Mapped "{[/{repository}/search/{search}],methods=[OPTIONS],produces=[application/hal+json || application/json]}" onto public org.springframework.http.ResponseEntity<java.lang.Object> org.springframework.data.rest.webmvc.RepositorySearchController.optionsForSearch(org.springframework.data.rest.webmvc.RootResourceInformation,java.lang.String)
2018-05-23 23:50:23.980  INFO 10616 --- [main] o.s.d.r.w.RepositoryRestHandlerMapping   : Mapped "{[/{repository}/search/{search}],methods=[GET],produces=[application/x-spring-data-compact+json]}" onto public org.springframework.hateoas.ResourceSupport org.springframework.data.rest.webmvc.RepositorySearchController.executeSearchCompact(org.springframework.data.rest.webmvc.RootResourceInformation,org.springframework.http.HttpHeaders,org.springframework.util.MultiValueMap<java.lang.String, java.lang.Object>,java.lang.String,java.lang.String,org.springframework.data.rest.webmvc.support.DefaultedPageable,org.springframework.data.domain.Sort,org.springframework.data.rest.webmvc.PersistentEntityResourceAssembler)
2018-05-23 23:50:23.984  INFO 10616 --- [main] o.s.d.r.w.RepositoryRestHandlerMapping   : Mapped "{[/{repository}/search],methods=[OPTIONS],produces=[application/hal+json || application/json]}" onto public org.springframework.http.HttpEntity<?> org.springframework.data.rest.webmvc.RepositorySearchController.optionsForSearches(org.springframework.data.rest.webmvc.RootResourceInformation)
2018-05-23 23:50:23.997  INFO 10616 --- [main] o.s.d.r.w.BasePathAwareHandlerMapping    : Mapped "{[/profile/{repository}],methods=[GET],produces=[application/schema+json]}" onto public org.springframework.http.HttpEntity<org.springframework.data.rest.webmvc.json.JsonSchema> org.springframework.data.rest.webmvc.RepositorySchemaController.schema(org.springframework.data.rest.webmvc.RootResourceInformation)
2018-05-23 23:50:23.998  INFO 10616 --- [main] o.s.d.r.w.BasePathAwareHandlerMapping    : Mapped "{[/profile],methods=[OPTIONS]}" onto public org.springframework.http.HttpEntity<?> org.springframework.data.rest.webmvc.ProfileController.profileOptions()
2018-05-23 23:50:23.999  INFO 10616 --- [main] o.s.d.r.w.BasePathAwareHandlerMapping    : Mapped "{[/profile],methods=[GET]}" onto org.springframework.http.HttpEntity<org.springframework.hateoas.ResourceSupport> org.springframework.data.rest.webmvc.ProfileController.listAllFormsOfMetadata()
2018-05-23 23:50:23.999  INFO 10616 --- [main] o.s.d.r.w.BasePathAwareHandlerMapping    : Mapped "{[/profile/{repository}],methods=[GET],produces=[application/alps+json || */*]}" onto org.springframework.http.HttpEntity<org.springframework.data.rest.webmvc.RootResourceInformation> org.springframework.data.rest.webmvc.alps.AlpsController.descriptor(org.springframework.data.rest.webmvc.RootResourceInformation)
2018-05-23 23:50:24.000  INFO 10616 --- [main] o.s.d.r.w.BasePathAwareHandlerMapping    : Mapped "{[/profile/{repository}],methods=[OPTIONS],produces=[application/alps+json]}" onto org.springframework.http.HttpEntity<?> org.springframework.data.rest.webmvc.alps.AlpsController.alpsOptions()
2018-05-23 23:50:24.689  INFO 10616 --- [main] o.s.j.e.a.AnnotationMBeanExporter        : Registering beans for JMX exposure on startup
2018-05-23 23:50:24.694  INFO 10616 --- [main] o.s.j.e.a.AnnotationMBeanExporter        : Bean with name 'dataSource' has been autodetected for JMX exposure
2018-05-23 23:50:24.715  INFO 10616 --- [main] o.s.j.e.a.AnnotationMBeanExporter        : Located MBean 'dataSource': registering with JMX server as MBean [com.zaxxer.hikari:name=dataSource,type=HikariDataSource]
2018-05-23 23:50:24.728  INFO 10616 --- [main] o.s.c.support.DefaultLifecycleProcessor  : Starting beans in phase 2147483647
2018-05-23 23:50:24.729  INFO 10616 --- [main] d.s.w.p.DocumentationPluginsBootstrapper : Context refreshed
2018-05-23 23:50:24.776  INFO 10616 --- [main] d.s.w.p.DocumentationPluginsBootstrapper : Found 1 custom documentation plugin(s)
2018-05-23 23:50:24.799  INFO 10616 --- [main] s.d.s.w.s.ApiListingReferenceScanner     : Scanning for api listing references
2018-05-23 23:50:25.192  INFO 10616 --- [main] .d.s.w.r.o.CachingOperationNameGenerator : Generating unique operation named: addNewUsingPOST_1
2018-05-23 23:50:25.198  INFO 10616 --- [main] .d.s.w.r.o.CachingOperationNameGenerator : Generating unique operation named: deleteUsingDELETE_1
2018-05-23 23:50:25.204  INFO 10616 --- [main] .d.s.w.r.o.CachingOperationNameGenerator : Generating unique operation named: getAllUsingGET_1
2018-05-23 23:50:25.215  INFO 10616 --- [main] .d.s.w.r.o.CachingOperationNameGenerator : Generating unique operation named: updateUsingPUT_1
2018-05-23 23:50:25.315 ERROR 10616 --- [main] o.apache.catalina.core.StandardService   : Failed to start connector [Connector[HTTP/1.1-80]]

org.apache.catalina.LifecycleException: Failed to start component [Connector[HTTP/1.1-80]]
	at org.apache.catalina.util.LifecycleBase.start(LifecycleBase.java:167) ~[tomcat-embed-core-8.5.28.jar:8.5.28]
	at org.apache.catalina.core.StandardService.addConnector(StandardService.java:225) ~[tomcat-embed-core-8.5.28.jar:8.5.28]
	at org.springframework.boot.web.embedded.tomcat.TomcatWebServer.addPreviouslyRemovedConnectors(TomcatWebServer.java:255) [spring-boot-2.0.0.RELEASE.jar:2.0.0.RELEASE]
	at org.springframework.boot.web.embedded.tomcat.TomcatWebServer.start(TomcatWebServer.java:197) [spring-boot-2.0.0.RELEASE.jar:2.0.0.RELEASE]
	at org.springframework.boot.web.servlet.context.ServletWebServerApplicationContext.startWebServer(ServletWebServerApplicationContext.java:300) [spring-boot-2.0.0.RELEASE.jar:2.0.0.RELEASE]
	at org.springframework.boot.web.servlet.context.ServletWebServerApplicationContext.finishRefresh(ServletWebServerApplicationContext.java:162) [spring-boot-2.0.0.RELEASE.jar:2.0.0.RELEASE]
	at org.springframework.context.support.AbstractApplicationContext.refresh(AbstractApplicationContext.java:552) [spring-context-5.0.4.RELEASE.jar:5.0.4.RELEASE]
	at org.springframework.boot.web.servlet.context.ServletWebServerApplicationContext.refresh(ServletWebServerApplicationContext.java:140) [spring-boot-2.0.0.RELEASE.jar:2.0.0.RELEASE]
	at org.springframework.boot.SpringApplication.refresh(SpringApplication.java:752) [spring-boot-2.0.0.RELEASE.jar:2.0.0.RELEASE]
	at org.springframework.boot.SpringApplication.refreshContext(SpringApplication.java:388) [spring-boot-2.0.0.RELEASE.jar:2.0.0.RELEASE]
	at org.springframework.boot.SpringApplication.run(SpringApplication.java:327) [spring-boot-2.0.0.RELEASE.jar:2.0.0.RELEASE]
	at org.springframework.boot.SpringApplication.run(SpringApplication.java:1246) [spring-boot-2.0.0.RELEASE.jar:2.0.0.RELEASE]
	at org.springframework.boot.SpringApplication.run(SpringApplication.java:1234) [spring-boot-2.0.0.RELEASE.jar:2.0.0.RELEASE]
	at com.cveditorapi.personal.PersonalApplication.main(PersonalApplication.java:12) [classes/:na]
Caused by: org.apache.catalina.LifecycleException: Protocol handler start failed
	at org.apache.catalina.connector.Connector.startInternal(Connector.java:1021) ~[tomcat-embed-core-8.5.28.jar:8.5.28]
	at org.apache.catalina.util.LifecycleBase.start(LifecycleBase.java:150) ~[tomcat-embed-core-8.5.28.jar:8.5.28]
	... 13 common frames omitted
Caused by: java.net.BindException: Address already in use: bind
	at sun.nio.ch.Net.bind0(Native Method) ~[na:1.8.0_161]
	at sun.nio.ch.Net.bind(Net.java:433) ~[na:1.8.0_161]
	at sun.nio.ch.Net.bind(Net.java:425) ~[na:1.8.0_161]
	at sun.nio.ch.ServerSocketChannelImpl.bind(ServerSocketChannelImpl.java:223) ~[na:1.8.0_161]
	at sun.nio.ch.ServerSocketAdaptor.bind(ServerSocketAdaptor.java:74) ~[na:1.8.0_161]
	at org.apache.tomcat.util.net.NioEndpoint.bind(NioEndpoint.java:210) ~[tomcat-embed-core-8.5.28.jar:8.5.28]
	at org.apache.tomcat.util.net.AbstractEndpoint.start(AbstractEndpoint.java:1150) ~[tomcat-embed-core-8.5.28.jar:8.5.28]
	at org.apache.coyote.AbstractProtocol.start(AbstractProtocol.java:591) ~[tomcat-embed-core-8.5.28.jar:8.5.28]
	at org.apache.catalina.connector.Connector.startInternal(Connector.java:1018) ~[tomcat-embed-core-8.5.28.jar:8.5.28]
	... 14 common frames omitted

2018-05-23 23:50:25.325  INFO 10616 --- [main] o.apache.catalina.core.StandardService   : Stopping service [Tomcat]
2018-05-23 23:50:25.352  INFO 10616 --- [main] ConditionEvaluationReportLoggingListener : 

Error starting ApplicationContext. To display the conditions report re-run your application with 'debug' enabled.
2018-05-23 23:50:25.366 ERROR 10616 --- [main] o.s.b.d.LoggingFailureAnalysisReporter   : 

***************************
APPLICATION FAILED TO START
***************************

Description:

The Tomcat connector configured to listen on port 80 failed to start. The port may already be in use or the connector may be misconfigured.

Action:

Verify the connector's configuration, identify and stop any process that's listening on port 80, or configure this application to listen on another port.

2018-05-23 23:50:25.368  INFO 10616 --- [main] ConfigServletWebServerApplicationContext : Closing org.springframework.boot.web.servlet.context.AnnotationConfigServletWebServerApplicationContext@5ae50ce6: startup date [Wed May 23 23:50:04 CEST 2018]; root of context hierarchy
2018-05-23 23:50:25.374  INFO 10616 --- [main] o.s.c.support.DefaultLifecycleProcessor  : Stopping beans in phase 2147483647
2018-05-23 23:50:25.376  INFO 10616 --- [main] o.s.j.e.a.AnnotationMBeanExporter        : Unregistering JMX-exposed beans on shutdown
2018-05-23 23:50:25.380  INFO 10616 --- [main] o.s.j.e.a.AnnotationMBeanExporter        : Unregistering JMX-exposed beans
2018-05-23 23:50:25.389  INFO 10616 --- [main] j.LocalContainerEntityManagerFactoryBean : Closing JPA EntityManagerFactory for persistence unit 'default'
2018-05-23 23:50:25.390  INFO 10616 --- [main] com.zaxxer.hikari.HikariDataSource       : HikariPool-1 - Shutdown initiated...
2018-05-23 23:50:25.399  INFO 10616 --- [main] com.zaxxer.hikari.HikariDataSource       : HikariPool-1 - Shutdown completed.
2018-05-23 23:50:58.486  INFO 15196 --- [main] c.c.personal.PersonalApplication         : Starting PersonalApplication on DESKTOP-EBDR90L with PID 15196 (C:\Users\sagel\Desktop\Spring\personal\target\classes started by sagel in C:\Users\sagel\Desktop\Spring\personal)
2018-05-23 23:50:58.493  INFO 15196 --- [main] c.c.personal.PersonalApplication         : No active profile set, falling back to default profiles: default
2018-05-23 23:50:58.606  INFO 15196 --- [main] ConfigServletWebServerApplicationContext : Refreshing org.springframework.boot.web.servlet.context.AnnotationConfigServletWebServerApplicationContext@47d90b9e: startup date [Wed May 23 23:50:58 CEST 2018]; root of context hierarchy
2018-05-23 23:51:01.683  INFO 15196 --- [main] o.s.b.f.s.DefaultListableBeanFactory     : Overriding bean definition for bean 'httpRequestHandlerAdapter' with a different definition: replacing [Root bean: class [null]; scope=; abstract=false; lazyInit=false; autowireMode=3; dependencyCheck=0; autowireCandidate=true; primary=false; factoryBeanName=org.springframework.boot.autoconfigure.web.servlet.WebMvcAutoConfiguration$EnableWebMvcConfiguration; factoryMethodName=httpRequestHandlerAdapter; initMethodName=null; destroyMethodName=(inferred); defined in class path resource [org/springframework/boot/autoconfigure/web/servlet/WebMvcAutoConfiguration$EnableWebMvcConfiguration.class]] with [Root bean: class [null]; scope=; abstract=false; lazyInit=false; autowireMode=3; dependencyCheck=0; autowireCandidate=true; primary=false; factoryBeanName=org.springframework.data.rest.webmvc.config.RepositoryRestMvcConfiguration; factoryMethodName=httpRequestHandlerAdapter; initMethodName=null; destroyMethodName=(inferred); defined in class path resource [org/springframework/data/rest/webmvc/config/RepositoryRestMvcConfiguration.class]]
2018-05-23 23:51:02.490  INFO 15196 --- [main] f.a.AutowiredAnnotationBeanPostProcessor : JSR-330 'javax.inject.Inject' annotation found and supported for autowiring
2018-05-23 23:51:02.738  INFO 15196 --- [main] trationDelegate$BeanPostProcessorChecker : Bean 'org.springframework.transaction.annotation.ProxyTransactionManagementConfiguration' of type [org.springframework.transaction.annotation.ProxyTransactionManagementConfiguration$$EnhancerBySpringCGLIB$$b160e70d] is not eligible for getting processed by all BeanPostProcessors (for example: not eligible for auto-proxying)
2018-05-23 23:51:02.829  INFO 15196 --- [main] trationDelegate$BeanPostProcessorChecker : Bean 'org.springframework.security.config.annotation.configuration.ObjectPostProcessorConfiguration' of type [org.springframework.security.config.annotation.configuration.ObjectPostProcessorConfiguration$$EnhancerBySpringCGLIB$$4a0eaf47] is not eligible for getting processed by all BeanPostProcessors (for example: not eligible for auto-proxying)
2018-05-23 23:51:02.844  INFO 15196 --- [main] trationDelegate$BeanPostProcessorChecker : Bean 'objectPostProcessor' of type [org.springframework.security.config.annotation.configuration.AutowireBeanFactoryObjectPostProcessor] is not eligible for getting processed by all BeanPostProcessors (for example: not eligible for auto-proxying)
2018-05-23 23:51:02.851  INFO 15196 --- [main] trationDelegate$BeanPostProcessorChecker : Bean 'org.springframework.security.access.expression.method.DefaultMethodSecurityExpressionHandler@3bfc6a5e' of type [org.springframework.security.access.expression.method.DefaultMethodSecurityExpressionHandler] is not eligible for getting processed by all BeanPostProcessors (for example: not eligible for auto-proxying)
2018-05-23 23:51:02.859  INFO 15196 --- [main] trationDelegate$BeanPostProcessorChecker : Bean 'org.springframework.security.config.annotation.method.configuration.GlobalMethodSecurityConfiguration' of type [org.springframework.security.config.annotation.method.configuration.GlobalMethodSecurityConfiguration$$EnhancerBySpringCGLIB$$6ee351f9] is not eligible for getting processed by all BeanPostProcessors (for example: not eligible for auto-proxying)
2018-05-23 23:51:02.876  INFO 15196 --- [main] trationDelegate$BeanPostProcessorChecker : Bean 'methodSecurityMetadataSource' of type [org.springframework.security.access.method.DelegatingMethodSecurityMetadataSource] is not eligible for getting processed by all BeanPostProcessors (for example: not eligible for auto-proxying)
2018-05-23 23:51:03.589  INFO 15196 --- [main] o.s.b.w.embedded.tomcat.TomcatWebServer  : Tomcat initialized with port(s): 2300 (http)
2018-05-23 23:51:03.653  INFO 15196 --- [main] o.apache.catalina.core.StandardService   : Starting service [Tomcat]
2018-05-23 23:51:03.654  INFO 15196 --- [main] org.apache.catalina.core.StandardEngine  : Starting Servlet Engine: Apache Tomcat/8.5.28
2018-05-23 23:51:03.684  INFO 15196 --- [localhost-startStop-1] o.a.catalina.core.AprLifecycleListener   : The APR based Apache Tomcat Native library which allows optimal performance in production environments was not found on the java.library.path: [C:\Program Files\Java\jdk1.8.0_161\bin;C:\WINDOWS\Sun\Java\bin;C:\WINDOWS\system32;C:\WINDOWS;C:\Program Files\Docker\Docker\Resources\bin;C:\ProgramData\Oracle\Java\javapath;C:\WINDOWS\system32;C:\WINDOWS;C:\WINDOWS\System32\Wbem;C:\WINDOWS\System32\WindowsPowerShell\v1.0\;C:\Program Files\Git\cmd;C:\Program Files\nodejs\;C:\Program Files\apache-maven-3.5.3-bin\apache-maven-3.5.3\bin;C:\ProgramData\chocolatey\bin;;C:\WINDOWS\System32\OpenSSH\;C:\Users\sagel\AppData\Local\Microsoft\WindowsApps;;C:\Program Files\Microsoft VS Code\bin;C:\Users\sagel\AppData\Roaming\npm;.]
2018-05-23 23:51:05.494  INFO 15196 --- [localhost-startStop-1] o.a.c.c.C.[Tomcat].[localhost].[/]       : Initializing Spring embedded WebApplicationContext
2018-05-23 23:51:05.498  INFO 15196 --- [localhost-startStop-1] o.s.web.context.ContextLoader            : Root WebApplicationContext: initialization completed in 6892 ms
2018-05-23 23:51:05.961  INFO 15196 --- [localhost-startStop-1] o.s.b.w.servlet.FilterRegistrationBean   : Mapping filter: 'characterEncodingFilter' to: [/*]
2018-05-23 23:51:05.962  INFO 15196 --- [localhost-startStop-1] o.s.b.w.servlet.FilterRegistrationBean   : Mapping filter: 'hiddenHttpMethodFilter' to: [/*]
2018-05-23 23:51:05.962  INFO 15196 --- [localhost-startStop-1] o.s.b.w.servlet.FilterRegistrationBean   : Mapping filter: 'httpPutFormContentFilter' to: [/*]
2018-05-23 23:51:05.965  INFO 15196 --- [localhost-startStop-1] o.s.b.w.servlet.FilterRegistrationBean   : Mapping filter: 'requestContextFilter' to: [/*]
2018-05-23 23:51:05.967  INFO 15196 --- [localhost-startStop-1] .s.DelegatingFilterProxyRegistrationBean : Mapping filter: 'springSecurityFilterChain' to: [/*]
2018-05-23 23:51:05.967  INFO 15196 --- [localhost-startStop-1] o.s.b.w.servlet.ServletRegistrationBean  : Servlet dispatcherServlet mapped to [/]
2018-05-23 23:51:05.969  INFO 15196 --- [localhost-startStop-1] o.s.b.w.servlet.ServletRegistrationBean  : Servlet webServlet mapped to [/h2-console/*]
2018-05-23 23:51:06.318  INFO 15196 --- [main] com.zaxxer.hikari.HikariDataSource       : HikariPool-1 - Starting...
2018-05-23 23:51:06.486  INFO 15196 --- [main] com.zaxxer.hikari.HikariDataSource       : HikariPool-1 - Start completed.
2018-05-23 23:51:06.859  INFO 15196 --- [main] j.LocalContainerEntityManagerFactoryBean : Building JPA container EntityManagerFactory for persistence unit 'default'
2018-05-23 23:51:06.891  INFO 15196 --- [main] o.hibernate.jpa.internal.util.LogHelper  : HHH000204: Processing PersistenceUnitInfo [
	name: default
	...]
2018-05-23 23:51:07.048  INFO 15196 --- [main] org.hibernate.Version                    : HHH000412: Hibernate Core {5.2.14.Final}
2018-05-23 23:51:07.050  INFO 15196 --- [main] org.hibernate.cfg.Environment            : HHH000206: hibernate.properties not found
2018-05-23 23:51:07.140  INFO 15196 --- [main] o.hibernate.annotations.common.Version   : HCANN000001: Hibernate Commons Annotations {5.0.1.Final}
2018-05-23 23:51:07.374  INFO 15196 --- [main] org.hibernate.dialect.Dialect            : HHH000400: Using dialect: org.hibernate.dialect.H2Dialect
2018-05-23 23:51:09.226  INFO 15196 --- [main] j.LocalContainerEntityManagerFactoryBean : Initialized JPA EntityManagerFactory for persistence unit 'default'
2018-05-23 23:51:09.555  INFO 15196 --- [main] o.s.jdbc.datasource.init.ScriptUtils     : Executing SQL script from URL [file:/C:/Users/sagel/Desktop/Spring/personal/target/classes/data.sql]
2018-05-23 23:51:09.576  INFO 15196 --- [main] o.s.jdbc.datasource.init.ScriptUtils     : Executed SQL script from URL [file:/C:/Users/sagel/Desktop/Spring/personal/target/classes/data.sql] in 15 ms.
2018-05-23 23:51:12.518  WARN 15196 --- [main] aWebConfiguration$JpaWebMvcConfiguration : spring.jpa.open-in-view is enabled by default. Therefore, database queries may be performed during view rendering. Explicitly configure spring.jpa.open-in-view to disable this warning
2018-05-23 23:51:13.048  INFO 15196 --- [main] s.w.s.m.m.a.RequestMappingHandlerMapping : Mapped "{[/contact],methods=[PUT]}" onto public com.cveditorapi.personal.Model.Detail com.cveditorapi.personal.Controllers.AbstractDetailController.update(javax.servlet.http.HttpServletRequest,com.cveditorapi.personal.Model.Detail)
2018-05-23 23:51:13.052  INFO 15196 --- [main] s.w.s.m.m.a.RequestMappingHandlerMapping : Mapped "{[/contact/{id}],methods=[DELETE]}" onto public org.springframework.http.ResponseEntity<java.lang.Void> com.cveditorapi.personal.Controllers.AbstractDetailController.delete(javax.servlet.http.HttpServletRequest,int)
2018-05-23 23:51:13.056  INFO 15196 --- [main] s.w.s.m.m.a.RequestMappingHandlerMapping : Mapped "{[/contact],methods=[GET]}" onto public java.util.List<com.cveditorapi.personal.Model.Detail> com.cveditorapi.personal.Controllers.AbstractDetailController.getAll(javax.servlet.http.HttpServletRequest)
2018-05-23 23:51:13.056  INFO 15196 --- [main] s.w.s.m.m.a.RequestMappingHandlerMapping : Mapped "{[/contact],methods=[POST]}" onto public com.cveditorapi.personal.Model.Detail com.cveditorapi.personal.Controllers.AbstractDetailController.addNew(javax.servlet.http.HttpServletRequest,com.cveditorapi.personal.Model.Detail)
2018-05-23 23:51:13.062  INFO 15196 --- [main] s.w.s.m.m.a.RequestMappingHandlerMapping : Mapped "{[/personal],methods=[PUT]}" onto public com.cveditorapi.personal.Model.Detail com.cveditorapi.personal.Controllers.AbstractDetailController.update(javax.servlet.http.HttpServletRequest,com.cveditorapi.personal.Model.Detail)
2018-05-23 23:51:13.062  INFO 15196 --- [main] s.w.s.m.m.a.RequestMappingHandlerMapping : Mapped "{[/personal/{id}],methods=[DELETE]}" onto public org.springframework.http.ResponseEntity<java.lang.Void> com.cveditorapi.personal.Controllers.AbstractDetailController.delete(javax.servlet.http.HttpServletRequest,int)
2018-05-23 23:51:13.063  INFO 15196 --- [main] s.w.s.m.m.a.RequestMappingHandlerMapping : Mapped "{[/personal],methods=[GET]}" onto public java.util.List<com.cveditorapi.personal.Model.Detail> com.cveditorapi.personal.Controllers.AbstractDetailController.getAll(javax.servlet.http.HttpServletRequest)
2018-05-23 23:51:13.064  INFO 15196 --- [main] s.w.s.m.m.a.RequestMappingHandlerMapping : Mapped "{[/personal],methods=[POST]}" onto public com.cveditorapi.personal.Model.Detail com.cveditorapi.personal.Controllers.AbstractDetailController.addNew(javax.servlet.http.HttpServletRequest,com.cveditorapi.personal.Model.Detail)
2018-05-23 23:51:13.069  INFO 15196 --- [main] s.w.s.m.m.a.RequestMappingHandlerMapping : Mapped "{[/register],methods=[POST]}" onto public java.lang.String com.cveditorapi.personal.Controllers.SignUpController.registerUser(com.cveditorapi.personal.Model.UserModel.User)
2018-05-23 23:51:13.071  INFO 15196 --- [main] s.w.s.m.m.a.RequestMappingHandlerMapping : Mapped "{[/GetUserClaims],methods=[GET]}" onto public org.springframework.http.ResponseEntity<?> com.cveditorapi.personal.TokenAuthorization.Controller.AuthenticationRestController.getUserClaims()
2018-05-23 23:51:13.072  INFO 15196 --- [main] s.w.s.m.m.a.RequestMappingHandlerMapping : Mapped "{[/auth],methods=[POST]}" onto public org.springframework.http.ResponseEntity<?> com.cveditorapi.personal.TokenAuthorization.Controller.AuthenticationRestController.createAuthenticationToken(com.cveditorapi.personal.TokenAuthorization.JwtAuthenticationRequest) throws com.cveditorapi.personal.TokenAuthorization.Controller.AuthenticationException
2018-05-23 23:51:13.073  INFO 15196 --- [main] s.w.s.m.m.a.RequestMappingHandlerMapping : Mapped "{[/refresh],methods=[GET]}" onto public org.springframework.http.ResponseEntity<?> com.cveditorapi.personal.TokenAuthorization.Controller.AuthenticationRestController.refreshAndGetAuthenticationToken(javax.servlet.http.HttpServletRequest)
2018-05-23 23:51:13.077  INFO 15196 --- [main] s.w.s.m.m.a.RequestMappingHandlerMapping : Mapped "{[/protected],methods=[GET]}" onto public org.springframework.http.ResponseEntity<?> com.cveditorapi.personal.TokenAuthorization.Controller.MethodProtectedRestController.getProtectedGreeting()
2018-05-23 23:51:13.078  INFO 15196 --- [main] s.w.s.m.m.a.RequestMappingHandlerMapping : Mapped "{[/user],methods=[GET]}" onto public com.cveditorapi.personal.TokenAuthorization.JwtUser com.cveditorapi.personal.TokenAuthorization.Controller.UserRestController.getAuthenticatedUser(javax.servlet.http.HttpServletRequest)
2018-05-23 23:51:13.080  INFO 15196 --- [main] s.w.s.m.m.a.RequestMappingHandlerMapping : Mapped "{[/v2/api-docs],methods=[GET],produces=[application/json || application/hal+json]}" onto public org.springframework.http.ResponseEntity<springfox.documentation.spring.web.json.Json> springfox.documentation.swagger2.web.Swagger2Controller.getDocumentation(java.lang.String,javax.servlet.http.HttpServletRequest)
2018-05-23 23:51:13.088  INFO 15196 --- [main] s.w.s.m.m.a.RequestMappingHandlerMapping : Mapped "{[/swagger-resources/configuration/security]}" onto org.springframework.http.ResponseEntity<springfox.documentation.swagger.web.SecurityConfiguration> springfox.documentation.swagger.web.ApiResourceController.securityConfiguration()
2018-05-23 23:51:13.089  INFO 15196 --- [main] s.w.s.m.m.a.RequestMappingHandlerMapping : Mapped "{[/swagger-resources/configuration/ui]}" onto org.springframework.http.ResponseEntity<springfox.documentation.swagger.web.UiConfiguration> springfox.documentation.swagger.web.ApiResourceController.uiConfiguration()
2018-05-23 23:51:13.092  INFO 15196 --- [main] s.w.s.m.m.a.RequestMappingHandlerMapping : Mapped "{[/swagger-resources]}" onto org.springframework.http.ResponseEntity<java.util.List<springfox.documentation.swagger.web.SwaggerResource>> springfox.documentation.swagger.web.ApiResourceController.swaggerResources()
2018-05-23 23:51:13.100  INFO 15196 --- [main] s.w.s.m.m.a.RequestMappingHandlerMapping : Mapped "{[/error]}" onto public org.springframework.http.ResponseEntity<java.util.Map<java.lang.String, java.lang.Object>> org.springframework.boot.autoconfigure.web.servlet.error.BasicErrorController.error(javax.servlet.http.HttpServletRequest)
2018-05-23 23:51:13.100  INFO 15196 --- [main] s.w.s.m.m.a.RequestMappingHandlerMapping : Mapped "{[/error],produces=[text/html]}" onto public org.springframework.web.servlet.ModelAndView org.springframework.boot.autoconfigure.web.servlet.error.BasicErrorController.errorHtml(javax.servlet.http.HttpServletRequest,javax.servlet.http.HttpServletResponse)
2018-05-23 23:51:15.329  INFO 15196 --- [main] o.s.s.web.DefaultSecurityFilterChain     : Creating filter chain: Ant [pattern='/auth', POST], []
2018-05-23 23:51:15.342  INFO 15196 --- [main] o.s.s.web.DefaultSecurityFilterChain     : Creating filter chain: Ant [pattern='/', GET], []
2018-05-23 23:51:15.342  INFO 15196 --- [main] o.s.s.web.DefaultSecurityFilterChain     : Creating filter chain: Ant [pattern='/*.html', GET], []
2018-05-23 23:51:15.342  INFO 15196 --- [main] o.s.s.web.DefaultSecurityFilterChain     : Creating filter chain: Ant [pattern='/favicon.ico', GET], []
2018-05-23 23:51:15.362  INFO 15196 --- [main] o.s.s.web.DefaultSecurityFilterChain     : Creating filter chain: Ant [pattern='/**/*.html', GET], []
2018-05-23 23:51:15.363  INFO 15196 --- [main] o.s.s.web.DefaultSecurityFilterChain     : Creating filter chain: Ant [pattern='/**/*.css', GET], []
2018-05-23 23:51:15.363  INFO 15196 --- [main] o.s.s.web.DefaultSecurityFilterChain     : Creating filter chain: Ant [pattern='/**/*.js', GET], []
2018-05-23 23:51:15.363  INFO 15196 --- [main] o.s.s.web.DefaultSecurityFilterChain     : Creating filter chain: Ant [pattern='/h2-console/**/**'], []
2018-05-23 23:51:15.930  INFO 15196 --- [main] o.s.s.web.DefaultSecurityFilterChain     : Creating filter chain: org.springframework.security.web.util.matcher.AnyRequestMatcher@1, [org.springframework.security.web.context.request.async.WebAsyncManagerIntegrationFilter@b77b0a0, org.springframework.security.web.context.SecurityContextPersistenceFilter@7d626f2, org.springframework.security.web.header.HeaderWriterFilter@52856ff9, org.springframework.security.web.authentication.logout.LogoutFilter@61993d18, com.cveditorapi.personal.TokenAuthorization.JwtAuthorizationTokenFilter@15be68b, org.springframework.security.web.savedrequest.RequestCacheAwareFilter@31e7afde, org.springframework.security.web.servletapi.SecurityContextHolderAwareRequestFilter@581918f6, org.springframework.security.web.authentication.AnonymousAuthenticationFilter@22ff1372, org.springframework.security.web.session.SessionManagementFilter@38cf3ae1, org.springframework.security.web.access.ExceptionTranslationFilter@23321be7, org.springframework.security.web.access.intercept.FilterSecurityInterceptor@702f4124]
2018-05-23 23:51:17.752  INFO 15196 --- [main] s.w.s.m.m.a.RequestMappingHandlerAdapter : Looking for @ControllerAdvice: org.springframework.boot.web.servlet.context.AnnotationConfigServletWebServerApplicationContext@47d90b9e: startup date [Wed May 23 23:50:58 CEST 2018]; root of context hierarchy
2018-05-23 23:51:17.997  INFO 15196 --- [main] o.s.w.s.handler.SimpleUrlHandlerMapping  : Mapped URL path [/webjars/**] onto handler of type [class org.springframework.web.servlet.resource.ResourceHttpRequestHandler]
2018-05-23 23:51:17.997  INFO 15196 --- [main] o.s.w.s.handler.SimpleUrlHandlerMapping  : Mapped URL path [/**] onto handler of type [class org.springframework.web.servlet.resource.ResourceHttpRequestHandler]
2018-05-23 23:51:18.080  INFO 15196 --- [main] .m.m.a.ExceptionHandlerExceptionResolver : Detected @ExceptionHandler methods in repositoryRestExceptionHandler
2018-05-23 23:51:18.315  INFO 15196 --- [main] o.s.w.s.handler.SimpleUrlHandlerMapping  : Mapped URL path [/**/favicon.ico] onto handler of type [class org.springframework.web.servlet.resource.ResourceHttpRequestHandler]
2018-05-23 23:51:18.810  INFO 15196 --- [main] o.s.d.r.w.RepositoryRestHandlerAdapter   : Looking for @ControllerAdvice: org.springframework.boot.web.servlet.context.AnnotationConfigServletWebServerApplicationContext@47d90b9e: startup date [Wed May 23 23:50:58 CEST 2018]; root of context hierarchy
2018-05-23 23:51:18.883  INFO 15196 --- [main] o.s.d.r.w.RepositoryRestHandlerMapping   : Mapped "{[/{repository}],methods=[OPTIONS],produces=[application/hal+json || application/json]}" onto public org.springframework.http.ResponseEntity<?> org.springframework.data.rest.webmvc.RepositoryEntityController.optionsForCollectionResource(org.springframework.data.rest.webmvc.RootResourceInformation)
2018-05-23 23:51:18.887  INFO 15196 --- [main] o.s.d.r.w.RepositoryRestHandlerMapping   : Mapped "{[/{repository}],methods=[GET],produces=[application/x-spring-data-compact+json || text/uri-list]}" onto public org.springframework.hateoas.Resources<?> org.springframework.data.rest.webmvc.RepositoryEntityController.getCollectionResourceCompact(org.springframework.data.rest.webmvc.RootResourceInformation,org.springframework.data.rest.webmvc.support.DefaultedPageable,org.springframework.data.domain.Sort,org.springframework.data.rest.webmvc.PersistentEntityResourceAssembler) throws org.springframework.data.rest.webmvc.ResourceNotFoundException,org.springframework.web.HttpRequestMethodNotSupportedException
2018-05-23 23:51:18.888  INFO 15196 --- [main] o.s.d.r.w.RepositoryRestHandlerMapping   : Mapped "{[/{repository}/{id}],methods=[OPTIONS],produces=[application/hal+json || application/json]}" onto public org.springframework.http.ResponseEntity<?> org.springframework.data.rest.webmvc.RepositoryEntityController.optionsForItemResource(org.springframework.data.rest.webmvc.RootResourceInformation)
2018-05-23 23:51:18.892  INFO 15196 --- [main] o.s.d.r.w.RepositoryRestHandlerMapping   : Mapped "{[/{repository}/{id}],methods=[HEAD],produces=[application/hal+json || application/json]}" onto public org.springframework.http.ResponseEntity<?> org.springframework.data.rest.webmvc.RepositoryEntityController.headForItemResource(org.springframework.data.rest.webmvc.RootResourceInformation,java.io.Serializable,org.springframework.data.rest.webmvc.PersistentEntityResourceAssembler) throws org.springframework.web.HttpRequestMethodNotSupportedException
2018-05-23 23:51:18.893  INFO 15196 --- [main] o.s.d.r.w.RepositoryRestHandlerMapping   : Mapped "{[/{repository}/{id}],methods=[DELETE],produces=[application/hal+json || application/json]}" onto public org.springframework.http.ResponseEntity<?> org.springframework.data.rest.webmvc.RepositoryEntityController.deleteItemResource(org.springframework.data.rest.webmvc.RootResourceInformation,java.io.Serializable,org.springframework.data.rest.webmvc.support.ETag) throws org.springframework.data.rest.webmvc.ResourceNotFoundException,org.springframework.web.HttpRequestMethodNotSupportedException
2018-05-23 23:51:18.898  INFO 15196 --- [main] o.s.d.r.w.RepositoryRestHandlerMapping   : Mapped "{[/{repository}/{id}],methods=[PATCH],produces=[application/hal+json || application/json]}" onto public org.springframework.http.ResponseEntity<org.springframework.hateoas.ResourceSupport> org.springframework.data.rest.webmvc.RepositoryEntityController.patchItemResource(org.springframework.data.rest.webmvc.RootResourceInformation,org.springframework.data.rest.webmvc.PersistentEntityResource,java.io.Serializable,org.springframework.data.rest.webmvc.PersistentEntityResourceAssembler,org.springframework.data.rest.webmvc.support.ETag,java.lang.String) throws org.springframework.web.HttpRequestMethodNotSupportedException,org.springframework.data.rest.webmvc.ResourceNotFoundException
2018-05-23 23:51:18.899  INFO 15196 --- [main] o.s.d.r.w.RepositoryRestHandlerMapping   : Mapped "{[/{repository}],methods=[HEAD],produces=[application/hal+json || application/json]}" onto public org.springframework.http.ResponseEntity<?> org.springframework.data.rest.webmvc.RepositoryEntityController.headCollectionResource(org.springframework.data.rest.webmvc.RootResourceInformation,org.springframework.data.rest.webmvc.support.DefaultedPageable) throws org.springframework.web.HttpRequestMethodNotSupportedException
2018-05-23 23:51:18.900  INFO 15196 --- [main] o.s.d.r.w.RepositoryRestHandlerMapping   : Mapped "{[/{repository}],methods=[GET],produces=[application/hal+json || application/json]}" onto public org.springframework.hateoas.Resources<?> org.springframework.data.rest.webmvc.RepositoryEntityController.getCollectionResource(org.springframework.data.rest.webmvc.RootResourceInformation,org.springframework.data.rest.webmvc.support.DefaultedPageable,org.springframework.data.domain.Sort,org.springframework.data.rest.webmvc.PersistentEntityResourceAssembler) throws org.springframework.data.rest.webmvc.ResourceNotFoundException,org.springframework.web.HttpRequestMethodNotSupportedException
2018-05-23 23:51:18.900  INFO 15196 --- [main] o.s.d.r.w.RepositoryRestHandlerMapping   : Mapped "{[/{repository}],methods=[POST],produces=[application/hal+json || application/json]}" onto public org.springframework.http.ResponseEntity<org.springframework.hateoas.ResourceSupport> org.springframework.data.rest.webmvc.RepositoryEntityController.postCollectionResource(org.springframework.data.rest.webmvc.RootResourceInformation,org.springframework.data.rest.webmvc.PersistentEntityResource,org.springframework.data.rest.webmvc.PersistentEntityResourceAssembler,java.lang.String) throws org.springframework.web.HttpRequestMethodNotSupportedException
2018-05-23 23:51:18.905  INFO 15196 --- [main] o.s.d.r.w.RepositoryRestHandlerMapping   : Mapped "{[/{repository}/{id}],methods=[PUT],produces=[application/hal+json || application/json]}" onto public org.springframework.http.ResponseEntity<? extends org.springframework.hateoas.ResourceSupport> org.springframework.data.rest.webmvc.RepositoryEntityController.putItemResource(org.springframework.data.rest.webmvc.RootResourceInformation,org.springframework.data.rest.webmvc.PersistentEntityResource,java.io.Serializable,org.springframework.data.rest.webmvc.PersistentEntityResourceAssembler,org.springframework.data.rest.webmvc.support.ETag,java.lang.String) throws org.springframework.web.HttpRequestMethodNotSupportedException
2018-05-23 23:51:18.906  INFO 15196 --- [main] o.s.d.r.w.RepositoryRestHandlerMapping   : Mapped "{[/{repository}/{id}],methods=[GET],produces=[application/hal+json || application/json]}" onto public org.springframework.http.ResponseEntity<org.springframework.hateoas.Resource<?>> org.springframework.data.rest.webmvc.RepositoryEntityController.getItemResource(org.springframework.data.rest.webmvc.RootResourceInformation,java.io.Serializable,org.springframework.data.rest.webmvc.PersistentEntityResourceAssembler,org.springframework.http.HttpHeaders) throws org.springframework.web.HttpRequestMethodNotSupportedException
2018-05-23 23:51:18.908  INFO 15196 --- [main] o.s.d.r.w.RepositoryRestHandlerMapping   : Mapped "{[/ || ],methods=[GET],produces=[application/hal+json || application/json]}" onto public org.springframework.http.HttpEntity<org.springframework.data.rest.webmvc.RepositoryLinksResource> org.springframework.data.rest.webmvc.RepositoryController.listRepositories()
2018-05-23 23:51:18.908  INFO 15196 --- [main] o.s.d.r.w.RepositoryRestHandlerMapping   : Mapped "{[/ || ],methods=[HEAD],produces=[application/hal+json || application/json]}" onto public org.springframework.http.ResponseEntity<?> org.springframework.data.rest.webmvc.RepositoryController.headForRepositories()
2018-05-23 23:51:18.908  INFO 15196 --- [main] o.s.d.r.w.RepositoryRestHandlerMapping   : Mapped "{[/ || ],methods=[OPTIONS],produces=[application/hal+json || application/json]}" onto public org.springframework.http.HttpEntity<?> org.springframework.data.rest.webmvc.RepositoryController.optionsForRepositories()
2018-05-23 23:51:18.911  INFO 15196 --- [main] o.s.d.r.w.RepositoryRestHandlerMapping   : Mapped "{[/{repository}/{id}/{property}],methods=[PATCH || PUT || POST],consumes=[application/json || application/x-spring-data-compact+json || text/uri-list],produces=[application/hal+json || application/json]}" onto public org.springframework.http.ResponseEntity<? extends org.springframework.hateoas.ResourceSupport> org.springframework.data.rest.webmvc.RepositoryPropertyReferenceController.createPropertyReference(org.springframework.data.rest.webmvc.RootResourceInformation,org.springframework.http.HttpMethod,org.springframework.hateoas.Resources<java.lang.Object>,java.io.Serializable,java.lang.String) throws java.lang.Exception
2018-05-23 23:51:18.912  INFO 15196 --- [main] o.s.d.r.w.RepositoryRestHandlerMapping   : Mapped "{[/{repository}/{id}/{property}],methods=[GET],produces=[application/x-spring-data-compact+json || text/uri-list]}" onto public org.springframework.http.ResponseEntity<org.springframework.hateoas.ResourceSupport> org.springframework.data.rest.webmvc.RepositoryPropertyReferenceController.followPropertyReferenceCompact(org.springframework.data.rest.webmvc.RootResourceInformation,java.io.Serializable,java.lang.String,org.springframework.data.rest.webmvc.PersistentEntityResourceAssembler) throws java.lang.Exception
2018-05-23 23:51:18.912  INFO 15196 --- [main] o.s.d.r.w.RepositoryRestHandlerMapping   : Mapped "{[/{repository}/{id}/{property}/{propertyId}],methods=[DELETE],produces=[application/hal+json || application/json]}" onto public org.springframework.http.ResponseEntity<org.springframework.hateoas.ResourceSupport> org.springframework.data.rest.webmvc.RepositoryPropertyReferenceController.deletePropertyReferenceId(org.springframework.data.rest.webmvc.RootResourceInformation,java.io.Serializable,java.lang.String,java.lang.String) throws java.lang.Exception
2018-05-23 23:51:18.913  INFO 15196 --- [main] o.s.d.r.w.RepositoryRestHandlerMapping   : Mapped "{[/{repository}/{id}/{property}],methods=[DELETE],produces=[application/hal+json || application/json]}" onto public org.springframework.http.ResponseEntity<? extends org.springframework.hateoas.ResourceSupport> org.springframework.data.rest.webmvc.RepositoryPropertyReferenceController.deletePropertyReference(org.springframework.data.rest.webmvc.RootResourceInformation,java.io.Serializable,java.lang.String) throws java.lang.Exception
2018-05-23 23:51:18.913  INFO 15196 --- [main] o.s.d.r.w.RepositoryRestHandlerMapping   : Mapped "{[/{repository}/{id}/{property}/{propertyId}],methods=[GET],produces=[application/hal+json || application/json]}" onto public org.springframework.http.ResponseEntity<org.springframework.hateoas.ResourceSupport> org.springframework.data.rest.webmvc.RepositoryPropertyReferenceController.followPropertyReference(org.springframework.data.rest.webmvc.RootResourceInformation,java.io.Serializable,java.lang.String,java.lang.String,org.springframework.data.rest.webmvc.PersistentEntityResourceAssembler) throws java.lang.Exception
2018-05-23 23:51:18.914  INFO 15196 --- [main] o.s.d.r.w.RepositoryRestHandlerMapping   : Mapped "{[/{repository}/{id}/{property}],methods=[GET],produces=[application/hal+json || application/json]}" onto public org.springframework.http.ResponseEntity<org.springframework.hateoas.ResourceSupport> org.springframework.data.rest.webmvc.RepositoryPropertyReferenceController.followPropertyReference(org.springframework.data.rest.webmvc.RootResourceInformation,java.io.Serializable,java.lang.String,org.springframework.data.rest.webmvc.PersistentEntityResourceAssembler) throws java.lang.Exception
2018-05-23 23:51:18.917  INFO 15196 --- [main] o.s.d.r.w.RepositoryRestHandlerMapping   : Mapped "{[/{repository}/search],methods=[GET],produces=[application/hal+json || application/json]}" onto public org.springframework.data.rest.webmvc.RepositorySearchesResource org.springframework.data.rest.webmvc.RepositorySearchController.listSearches(org.springframework.data.rest.webmvc.RootResourceInformation)
2018-05-23 23:51:18.918  INFO 15196 --- [main] o.s.d.r.w.RepositoryRestHandlerMapping   : Mapped "{[/{repository}/search],methods=[HEAD],produces=[application/hal+json || application/json]}" onto public org.springframework.http.HttpEntity<?> org.springframework.data.rest.webmvc.RepositorySearchController.headForSearches(org.springframework.data.rest.webmvc.RootResourceInformation)
2018-05-23 23:51:18.918  INFO 15196 --- [main] o.s.d.r.w.RepositoryRestHandlerMapping   : Mapped "{[/{repository}/search/{search}],methods=[HEAD],produces=[application/hal+json || application/json]}" onto public org.springframework.http.ResponseEntity<java.lang.Object> org.springframework.data.rest.webmvc.RepositorySearchController.headForSearch(org.springframework.data.rest.webmvc.RootResourceInformation,java.lang.String)
2018-05-23 23:51:18.919  INFO 15196 --- [main] o.s.d.r.w.RepositoryRestHandlerMapping   : Mapped "{[/{repository}/search/{search}],methods=[GET],produces=[application/hal+json || application/json]}" onto public org.springframework.http.ResponseEntity<?> org.springframework.data.rest.webmvc.RepositorySearchController.executeSearch(org.springframework.data.rest.webmvc.RootResourceInformation,org.springframework.util.MultiValueMap<java.lang.String, java.lang.Object>,java.lang.String,org.springframework.data.rest.webmvc.support.DefaultedPageable,org.springframework.data.domain.Sort,org.springframework.data.rest.webmvc.PersistentEntityResourceAssembler,org.springframework.http.HttpHeaders)
2018-05-23 23:51:18.919  INFO 15196 --- [main] o.s.d.r.w.RepositoryRestHandlerMapping   : Mapped "{[/{repository}/search/{search}],methods=[OPTIONS],produces=[application/hal+json || application/json]}" onto public org.springframework.http.ResponseEntity<java.lang.Object> org.springframework.data.rest.webmvc.RepositorySearchController.optionsForSearch(org.springframework.data.rest.webmvc.RootResourceInformation,java.lang.String)
2018-05-23 23:51:18.923  INFO 15196 --- [main] o.s.d.r.w.RepositoryRestHandlerMapping   : Mapped "{[/{repository}/search],methods=[OPTIONS],produces=[application/hal+json || application/json]}" onto public org.springframework.http.HttpEntity<?> org.springframework.data.rest.webmvc.RepositorySearchController.optionsForSearches(org.springframework.data.rest.webmvc.RootResourceInformation)
2018-05-23 23:51:18.924  INFO 15196 --- [main] o.s.d.r.w.RepositoryRestHandlerMapping   : Mapped "{[/{repository}/search/{search}],methods=[GET],produces=[application/x-spring-data-compact+json]}" onto public org.springframework.hateoas.ResourceSupport org.springframework.data.rest.webmvc.RepositorySearchController.executeSearchCompact(org.springframework.data.rest.webmvc.RootResourceInformation,org.springframework.http.HttpHeaders,org.springframework.util.MultiValueMap<java.lang.String, java.lang.Object>,java.lang.String,java.lang.String,org.springframework.data.rest.webmvc.support.DefaultedPageable,org.springframework.data.domain.Sort,org.springframework.data.rest.webmvc.PersistentEntityResourceAssembler)
2018-05-23 23:51:18.931  INFO 15196 --- [main] o.s.d.r.w.BasePathAwareHandlerMapping    : Mapped "{[/profile/{repository}],methods=[GET],produces=[application/schema+json]}" onto public org.springframework.http.HttpEntity<org.springframework.data.rest.webmvc.json.JsonSchema> org.springframework.data.rest.webmvc.RepositorySchemaController.schema(org.springframework.data.rest.webmvc.RootResourceInformation)
2018-05-23 23:51:18.931  INFO 15196 --- [main] o.s.d.r.w.BasePathAwareHandlerMapping    : Mapped "{[/profile],methods=[OPTIONS]}" onto public org.springframework.http.HttpEntity<?> org.springframework.data.rest.webmvc.ProfileController.profileOptions()
2018-05-23 23:51:18.932  INFO 15196 --- [main] o.s.d.r.w.BasePathAwareHandlerMapping    : Mapped "{[/profile],methods=[GET]}" onto org.springframework.http.HttpEntity<org.springframework.hateoas.ResourceSupport> org.springframework.data.rest.webmvc.ProfileController.listAllFormsOfMetadata()
2018-05-23 23:51:18.933  INFO 15196 --- [main] o.s.d.r.w.BasePathAwareHandlerMapping    : Mapped "{[/profile/{repository}],methods=[GET],produces=[application/alps+json || */*]}" onto org.springframework.http.HttpEntity<org.springframework.data.rest.webmvc.RootResourceInformation> org.springframework.data.rest.webmvc.alps.AlpsController.descriptor(org.springframework.data.rest.webmvc.RootResourceInformation)
2018-05-23 23:51:18.934  INFO 15196 --- [main] o.s.d.r.w.BasePathAwareHandlerMapping    : Mapped "{[/profile/{repository}],methods=[OPTIONS],produces=[application/alps+json]}" onto org.springframework.http.HttpEntity<?> org.springframework.data.rest.webmvc.alps.AlpsController.alpsOptions()
2018-05-23 23:51:19.572  INFO 15196 --- [main] o.s.j.e.a.AnnotationMBeanExporter        : Registering beans for JMX exposure on startup
2018-05-23 23:51:19.576  INFO 15196 --- [main] o.s.j.e.a.AnnotationMBeanExporter        : Bean with name 'dataSource' has been autodetected for JMX exposure
2018-05-23 23:51:19.611  INFO 15196 --- [main] o.s.j.e.a.AnnotationMBeanExporter        : Located MBean 'dataSource': registering with JMX server as MBean [com.zaxxer.hikari:name=dataSource,type=HikariDataSource]
2018-05-23 23:51:19.622  INFO 15196 --- [main] o.s.c.support.DefaultLifecycleProcessor  : Starting beans in phase 2147483647
2018-05-23 23:51:19.623  INFO 15196 --- [main] d.s.w.p.DocumentationPluginsBootstrapper : Context refreshed
2018-05-23 23:51:19.677  INFO 15196 --- [main] d.s.w.p.DocumentationPluginsBootstrapper : Found 1 custom documentation plugin(s)
2018-05-23 23:51:19.712  INFO 15196 --- [main] s.d.s.w.s.ApiListingReferenceScanner     : Scanning for api listing references
2018-05-23 23:51:20.100  INFO 15196 --- [main] .d.s.w.r.o.CachingOperationNameGenerator : Generating unique operation named: addNewUsingPOST_1
2018-05-23 23:51:20.119  INFO 15196 --- [main] .d.s.w.r.o.CachingOperationNameGenerator : Generating unique operation named: deleteUsingDELETE_1
2018-05-23 23:51:20.131  INFO 15196 --- [main] .d.s.w.r.o.CachingOperationNameGenerator : Generating unique operation named: getAllUsingGET_1
2018-05-23 23:51:20.140  INFO 15196 --- [main] .d.s.w.r.o.CachingOperationNameGenerator : Generating unique operation named: updateUsingPUT_1
2018-05-23 23:51:20.303  INFO 15196 --- [main] o.s.b.w.embedded.tomcat.TomcatWebServer  : Tomcat started on port(s): 2300 (http) with context path ''
2018-05-23 23:51:20.316  INFO 15196 --- [main] c.c.personal.PersonalApplication         : Started PersonalApplication in 22.928 seconds (JVM running for 25.57)
2018-05-23 23:51:29.417  INFO 15196 --- [http-nio-2300-exec-10] o.a.c.c.C.[Tomcat].[localhost].[/]       : Initializing Spring FrameworkServlet 'dispatcherServlet'
2018-05-23 23:51:29.425  INFO 15196 --- [http-nio-2300-exec-10] o.s.web.servlet.DispatcherServlet        : FrameworkServlet 'dispatcherServlet': initialization started
2018-05-23 23:51:29.632  INFO 15196 --- [http-nio-2300-exec-10] o.s.web.servlet.DispatcherServlet        : FrameworkServlet 'dispatcherServlet': initialization completed in 207 ms
2018-05-23 23:54:18.901  WARN 15196 --- [http-nio-2300-exec-6] c.c.p.T.JwtAuthorizationTokenFilter      : couldn't find bearer string, will ignore the header
2018-05-23 23:54:20.116  INFO 15196 --- [http-nio-2300-exec-5] o.h.h.i.QueryTranslatorFactoryInitiator  : HHH000397: Using ASTQueryTranslatorFactory
2018-05-23 23:54:22.700  WARN 15196 --- [http-nio-2300-exec-7] c.c.p.T.JwtAuthorizationTokenFilter      : couldn't find bearer string, will ignore the header
2018-05-23 23:54:23.311  INFO 15196 --- [http-nio-2300-exec-4] c.c.p.T.JwtAuthorizationTokenFilter      : authorizated user 'sa', setting security context
2018-05-23 23:54:33.373  WARN 15196 --- [http-nio-2300-exec-2] c.c.p.T.JwtAuthorizationTokenFilter      : couldn't find bearer string, will ignore the header
2018-05-23 23:54:33.528  INFO 15196 --- [http-nio-2300-exec-1] c.c.p.T.JwtAuthorizationTokenFilter      : authorizated user 'sa', setting security context
2018-05-23 23:54:50.137  WARN 15196 --- [http-nio-2300-exec-9] c.c.p.T.JwtAuthorizationTokenFilter      : couldn't find bearer string, will ignore the header
2018-05-23 23:54:50.240  INFO 15196 --- [http-nio-2300-exec-8] c.c.p.T.JwtAuthorizationTokenFilter      : authorizated user 'sa', setting security context
2018-05-23 23:54:56.691  INFO 15196 --- [http-nio-2300-exec-6] c.c.p.T.JwtAuthorizationTokenFilter      : authorizated user 'sa', setting security context
